2025-11-25 17:32:55,107 - __main__ - INFO - ============================================================
2025-11-25 17:32:55,107 - __main__ - INFO - 智能排课系统启动
2025-11-25 17:32:55,108 - __main__ - INFO - ============================================================
2025-11-25 17:32:55,108 - __main__ - INFO - 版本ID: 1
2025-11-25 17:32:55,108 - __main__ - INFO - 遗传算法配置: {'population_size': 250, 'generations': 500, 'crossover_rate': 0.8, 'mutation_rate': 0.1, 'tournament_size': 5, 'elitism_size': 10, 'max_stagnation': 50}
2025-11-25 17:32:55,108 - __main__ - INFO - 连接数据库: localhost:paike
2025-11-25 17:32:55,123 - db_connector - INFO - 数据库连接成功
2025-11-25 17:32:55,125 - __main__ - INFO - 验证版本成功: 测试版本1 (2025-2026-1)
2025-11-25 17:32:55,125 - __main__ - INFO - 开始加载学期 2025-2026-1 的数据
2025-11-25 17:32:55,125 - db_connector - INFO - 开始加载学期 2025-2026-1 的排课数据
2025-11-25 17:32:55,145 - db_connector - INFO - 加载了 0 个开课计划的周次信息
2025-11-25 17:32:55,145 - db_connector - INFO - 开始填充教学任务详细信息
2025-11-25 17:32:55,153 - db_connector - INFO - 教学任务详细信息填充完成
2025-11-25 17:32:55,153 - db_connector - INFO - 所有数据加载完成
2025-11-25 17:32:55,153 - __main__ - INFO - 开始验证数据完整性
2025-11-25 17:32:55,153 - __main__ - INFO - 数据完整性检查通过
2025-11-25 17:32:55,154 - __main__ - INFO -   - 教学任务: 153 个
2025-11-25 17:32:55,154 - __main__ - INFO -   - 教师: 250 人
2025-11-25 17:32:55,155 - __main__ - INFO -   - 教室: 133 间
2025-11-25 17:32:55,155 - __main__ - INFO -   - 班级: 80 个
2025-11-25 17:32:55,155 - __main__ - INFO - 初始化遗传算法
2025-11-25 17:32:55,156 - genetic_algorithm - INFO - 开始预处理数据
2025-11-25 17:32:55,157 - genetic_algorithm - INFO - 任务优先级排序完成：长课程优先，必修课优先
2025-11-25 17:32:55,158 - genetic_algorithm - INFO - 预处理完成：153个任务，133个教室
2025-11-25 17:32:55,158 - __main__ - INFO - 开始运行遗传算法
2025-11-25 17:32:55,158 - genetic_algorithm - INFO - 开始遗传算法进化
2025-11-25 17:34:05,632 - genetic_algorithm - INFO - 第 0 代，新的最佳适应度: -4348000.00
2025-11-25 17:34:05,717 - genetic_algorithm - INFO - 第 0 代完成，当前最佳适应度: -4348000.00
2025-11-25 17:34:05,877 - genetic_algorithm - INFO - 第 1 代，新的最佳适应度: -4101000.00
2025-11-25 17:34:06,115 - genetic_algorithm - INFO - 第 2 代，新的最佳适应度: -3937000.00
2025-11-25 17:34:06,359 - genetic_algorithm - INFO - 第 3 代，新的最佳适应度: -3894000.00
2025-11-25 17:34:06,644 - genetic_algorithm - INFO - 第 4 代，新的最佳适应度: -3711000.00
2025-11-25 17:34:07,019 - genetic_algorithm - INFO - 第 5 代，新的最佳适应度: -3611000.00
2025-11-25 17:34:07,360 - genetic_algorithm - INFO - 第 6 代，新的最佳适应度: -3511000.00
2025-11-25 17:34:07,685 - genetic_algorithm - INFO - 第 7 代，新的最佳适应度: -3508000.00
2025-11-25 17:34:07,913 - genetic_algorithm - INFO - 第 8 代，新的最佳适应度: -3458000.00
2025-11-25 17:34:08,236 - genetic_algorithm - INFO - 第 9 代，新的最佳适应度: -3380000.00
2025-11-25 17:34:08,600 - genetic_algorithm - INFO - 第 10 代，新的最佳适应度: -3342000.00
2025-11-25 17:34:08,843 - genetic_algorithm - INFO - 第 11 代，新的最佳适应度: -3317000.00
2025-11-25 17:34:09,156 - genetic_algorithm - INFO - 第 12 代，新的最佳适应度: -3224000.00
2025-11-25 17:34:09,491 - genetic_algorithm - INFO - 第 13 代，新的最佳适应度: -3176000.00
2025-11-25 17:34:09,717 - genetic_algorithm - INFO - 第 14 代，新的最佳适应度: -3173000.00
2025-11-25 17:34:09,940 - genetic_algorithm - INFO - 第 15 代，新的最佳适应度: -3119000.00
2025-11-25 17:34:10,189 - genetic_algorithm - INFO - 第 16 代，新的最佳适应度: -3103000.00
2025-11-25 17:34:10,442 - genetic_algorithm - INFO - 第 17 代，新的最佳适应度: -3085000.00
2025-11-25 17:34:10,766 - genetic_algorithm - INFO - 第 18 代，新的最佳适应度: -3039000.00
2025-11-25 17:34:11,094 - genetic_algorithm - INFO - 第 19 代，新的最佳适应度: -2959000.00
2025-11-25 17:34:11,484 - genetic_algorithm - INFO - 第 20 代完成，当前最佳适应度: -2959000.00
2025-11-25 17:34:11,622 - genetic_algorithm - INFO - 第 21 代，新的最佳适应度: -2956000.00
2025-11-25 17:34:12,071 - genetic_algorithm - INFO - 第 23 代，新的最佳适应度: -2929000.00
2025-11-25 17:34:12,366 - genetic_algorithm - INFO - 第 24 代，新的最佳适应度: -2868000.00
2025-11-25 17:34:12,920 - genetic_algorithm - INFO - 第 26 代，新的最佳适应度: -2849000.00
2025-11-25 17:34:13,235 - genetic_algorithm - INFO - 第 27 代，新的最佳适应度: -2835000.00
2025-11-25 17:34:13,555 - genetic_algorithm - INFO - 第 28 代，新的最佳适应度: -2788000.00
2025-11-25 17:34:13,784 - genetic_algorithm - INFO - 第 29 代，新的最佳适应度: -2686000.00
2025-11-25 17:34:14,233 - genetic_algorithm - INFO - 第 31 代，新的最佳适应度: -2681000.00
2025-11-25 17:34:14,708 - genetic_algorithm - INFO - 第 33 代，新的最佳适应度: -2551000.00
2025-11-25 17:34:15,083 - genetic_algorithm - INFO - 第 35 代，新的最佳适应度: -2548000.00
2025-11-25 17:34:15,483 - genetic_algorithm - INFO - 第 37 代，新的最佳适应度: -2491000.00
2025-11-25 17:34:15,718 - genetic_algorithm - INFO - 第 38 代，新的最佳适应度: -2479000.00
2025-11-25 17:34:15,984 - genetic_algorithm - INFO - 第 39 代，新的最佳适应度: -2471000.00
2025-11-25 17:34:16,304 - genetic_algorithm - INFO - 第 40 代完成，当前最佳适应度: -2471000.00
2025-11-25 17:34:16,425 - genetic_algorithm - INFO - 第 41 代，新的最佳适应度: -2399000.00
2025-11-25 17:34:17,095 - genetic_algorithm - INFO - 第 44 代，新的最佳适应度: -2289000.00
2025-11-25 17:34:18,300 - genetic_algorithm - INFO - 第 49 代，新的最佳适应度: -2206000.00
2025-11-25 17:34:19,100 - genetic_algorithm - INFO - 第 53 代，新的最佳适应度: -2187000.00
2025-11-25 17:34:19,291 - genetic_algorithm - INFO - 第 54 代，新的最佳适应度: -2126000.00
2025-11-25 17:34:19,515 - genetic_algorithm - INFO - 第 55 代，新的最佳适应度: -2076000.00
2025-11-25 17:34:19,949 - genetic_algorithm - INFO - 第 57 代，新的最佳适应度: -2073000.00
2025-11-25 17:34:20,668 - genetic_algorithm - INFO - 第 60 代完成，当前最佳适应度: -2073000.00
2025-11-25 17:34:21,213 - genetic_algorithm - INFO - 第 63 代，新的最佳适应度: -1999000.00
2025-11-25 17:34:21,380 - genetic_algorithm - INFO - 第 64 代，新的最佳适应度: -1993000.00
2025-11-25 17:34:22,007 - genetic_algorithm - INFO - 第 67 代，新的最佳适应度: -1966000.00
2025-11-25 17:34:22,252 - genetic_algorithm - INFO - 第 68 代，新的最佳适应度: -1916000.00
2025-11-25 17:34:23,141 - genetic_algorithm - INFO - 第 73 代，新的最佳适应度: -1886000.00
2025-11-25 17:34:23,339 - genetic_algorithm - INFO - 第 74 代，新的最佳适应度: -1806000.00
2025-11-25 17:34:23,788 - genetic_algorithm - INFO - 第 76 代，新的最佳适应度: -1726000.00
2025-11-25 17:34:24,491 - genetic_algorithm - INFO - 第 80 代，新的最佳适应度: -1646000.00
2025-11-25 17:34:24,536 - genetic_algorithm - INFO - 第 80 代完成，当前最佳适应度: -1646000.00
2025-11-25 17:34:25,059 - genetic_algorithm - INFO - 第 83 代，新的最佳适应度: -1593000.00
2025-11-25 17:34:25,386 - genetic_algorithm - INFO - 第 85 代，新的最佳适应度: -1513000.00
2025-11-25 17:34:28,249 - genetic_algorithm - INFO - 第 100 代完成，当前最佳适应度: -1513000.00
2025-11-25 17:34:31,337 - genetic_algorithm - INFO - 第 117 代，新的最佳适应度: -1510000.00
2025-11-25 17:34:31,968 - genetic_algorithm - INFO - 第 120 代完成，当前最佳适应度: -1510000.00
2025-11-25 17:34:33,552 - genetic_algorithm - INFO - 第 129 代，新的最佳适应度: -1502000.00
2025-11-25 17:34:35,462 - genetic_algorithm - INFO - 第 140 代完成，当前最佳适应度: -1502000.00
2025-11-25 17:34:35,786 - genetic_algorithm - INFO - 第 142 代，新的最佳适应度: -1499000.00
2025-11-25 17:34:38,843 - genetic_algorithm - INFO - 第 160 代完成，当前最佳适应度: -1499000.00
2025-11-25 17:34:39,810 - genetic_algorithm - INFO - 第 166 代，新的最佳适应度: -1496000.00
2025-11-25 17:34:42,475 - genetic_algorithm - INFO - 第 180 代完成，当前最佳适应度: -1496000.00
2025-11-25 17:34:45,915 - genetic_algorithm - INFO - 第 200 代完成，当前最佳适应度: -1496000.00
2025-11-25 17:34:48,632 - genetic_algorithm - INFO - 算法停滞 50 代，提前结束
2025-11-25 17:34:48,797 - genetic_algorithm - INFO - 进化完成，最终最佳适应度: -1496000.00
2025-11-25 17:34:48,797 - genetic_algorithm - INFO - 开始后处理班级冲突...
2025-11-25 17:34:48,798 - genetic_algorithm - INFO - 未发现班级冲突，无需后处理
2025-11-25 17:34:48,799 - __main__ - INFO - 保存排课结果
2025-11-25 17:34:48,799 - db_connector - INFO - 开始保存排课结果，版本ID: 1
2025-11-25 17:34:48,808 - db_connector - INFO - 批量插入 153 条记录成功
2025-11-25 17:34:48,808 - db_connector - INFO - 成功保存 153 条排课结果
2025-11-25 17:34:48,809 - __main__ - INFO - 生成排课统计报告
2025-11-25 17:34:48,809 - __main__ - INFO - 排课覆盖率: 100.0% (153/153)
2025-11-25 17:34:48,810 - __main__ - INFO - ✓ 没有发现硬冲突
2025-11-25 17:34:48,810 - __main__ - INFO - 教室平均利用率: 71.4%
2025-11-25 17:34:48,811 - __main__ - WARNING - 发现 22 间教室利用率过低(<50%)
2025-11-25 17:34:48,811 - __main__ - INFO - 
【个性化要求满足情况分析】
2025-11-25 17:34:48,811 - __main__ - INFO - 总共有 10 条个性化要求
2025-11-25 17:34:48,811 - __main__ - WARNING - 
⚠ 发现 8 条偏好时间未被满足:
2025-11-25 17:34:48,811 - __main__ - WARNING -   [1] 教师: 李君, 偏好时间: 周三 6-7节, 惩罚分数: 200
2025-11-25 17:34:48,812 - __main__ - WARNING -   [2] 教师: 熊学, 偏好时间: 周一 3-5节, 惩罚分数: 200
2025-11-25 17:34:48,812 - __main__ - WARNING -   [3] 教师: 熊学, 偏好时间: 周三 3-5节, 惩罚分数: 200
2025-11-25 17:34:48,812 - __main__ - WARNING -   [4] 教师: 杨世蓉, 偏好时间: 周一 1-2节, 惩罚分数: 100
2025-11-25 17:34:48,812 - __main__ - WARNING -   [5] 教师: 杨世蓉, 偏好时间: 周二 1-2节, 惩罚分数: 100
2025-11-25 17:34:48,812 - __main__ - WARNING -   [6] 教师: 杨世蓉, 偏好时间: 周一 1-2节, 惩罚分数: 100
2025-11-25 17:34:48,813 - __main__ - WARNING -   [7] 教师: 刘霓, 偏好时间: 周二 8-10节, 惩罚分数: 200
2025-11-25 17:34:48,813 - __main__ - WARNING -   [8] 教师: 刘霓, 偏好时间: 周三 8-10节, 惩罚分数: 200
2025-11-25 17:34:48,813 - __main__ - INFO - ✓ 所有避免时间都已遵守
2025-11-25 17:34:48,813 - __main__ - INFO - 
个性化要求总体满足率: 20.0% (2/10)
2025-11-25 17:34:48,813 - __main__ - INFO - 排课完成，总耗时: 113.69 秒
2025-11-25 17:34:48,814 - __main__ - INFO - 排课任务完成成功！
2025-11-25 17:34:48,814 - db_connector - INFO - 数据库连接已关闭
2025-11-25 18:00:34,067 - __main__ - INFO - ============================================================
2025-11-25 18:00:34,068 - __main__ - INFO - 智能排课系统启动
2025-11-25 18:00:34,068 - __main__ - INFO - ============================================================
2025-11-25 18:00:34,068 - __main__ - INFO - 版本ID: 1
2025-11-25 18:00:34,068 - __main__ - INFO - 遗传算法配置: {'population_size': 250, 'generations': 500, 'crossover_rate': 0.8, 'mutation_rate': 0.1, 'tournament_size': 5, 'elitism_size': 10, 'max_stagnation': 50}
2025-11-25 18:00:34,068 - __main__ - INFO - 连接数据库: localhost:paike
2025-11-25 18:00:34,104 - db_connector - INFO - 数据库连接成功
2025-11-25 18:00:34,105 - __main__ - INFO - 验证版本成功: 测试版本1 (2025-2026-1)
2025-11-25 18:00:34,106 - __main__ - INFO - 开始加载学期 2025-2026-1 的数据
2025-11-25 18:00:34,106 - db_connector - INFO - 开始加载学期 2025-2026-1 的排课数据
2025-11-25 18:00:34,127 - db_connector - INFO - 加载了 0 个开课计划的周次信息
2025-11-25 18:00:34,127 - db_connector - INFO - 开始填充教学任务详细信息
2025-11-25 18:00:34,136 - db_connector - INFO - 教学任务详细信息填充完成
2025-11-25 18:00:34,136 - db_connector - INFO - 所有数据加载完成
2025-11-25 18:00:34,136 - __main__ - INFO - 开始验证数据完整性
2025-11-25 18:00:34,136 - __main__ - INFO - 数据完整性检查通过
2025-11-25 18:00:34,136 - __main__ - INFO -   - 教学任务: 153 个
2025-11-25 18:00:34,136 - __main__ - INFO -   - 教师: 250 人
2025-11-25 18:00:34,137 - __main__ - INFO -   - 教室: 133 间
2025-11-25 18:00:34,137 - __main__ - INFO -   - 班级: 80 个
2025-11-25 18:00:34,137 - __main__ - INFO - 初始化遗传算法
2025-11-25 18:00:34,137 - genetic_algorithm - INFO - 开始预处理数据
2025-11-25 18:00:34,138 - genetic_algorithm - INFO - 任务优先级排序完成：长课程优先，必修课优先
2025-11-25 18:00:34,139 - genetic_algorithm - INFO - 预处理完成：153个任务，133个教室
2025-11-25 18:00:34,139 - __main__ - INFO - 开始运行遗传算法
2025-11-25 18:00:34,139 - genetic_algorithm - INFO - 开始遗传算法进化
2025-11-25 18:01:53,352 - genetic_algorithm - INFO - 第 0 代，新的最佳适应度: -4398000.00
2025-11-25 18:01:53,440 - genetic_algorithm - INFO - 第 0 代完成，当前最佳适应度: -4398000.00
2025-11-25 18:01:53,706 - genetic_algorithm - INFO - 第 1 代，新的最佳适应度: -4138000.00
2025-11-25 18:01:54,061 - genetic_algorithm - INFO - 第 2 代，新的最佳适应度: -4053000.00
2025-11-25 18:01:54,510 - genetic_algorithm - INFO - 第 3 代，新的最佳适应度: -3902000.00
2025-11-25 18:01:54,956 - genetic_algorithm - INFO - 第 4 代，新的最佳适应度: -3734000.00
2025-11-25 18:01:55,446 - genetic_algorithm - INFO - 第 5 代，新的最佳适应度: -3642000.00
2025-11-25 18:01:55,788 - genetic_algorithm - INFO - 第 6 代，新的最佳适应度: -3628000.00
2025-11-25 18:01:56,274 - genetic_algorithm - INFO - 第 7 代，新的最佳适应度: -3520000.00
2025-11-25 18:01:56,818 - genetic_algorithm - INFO - 第 8 代，新的最佳适应度: -3415000.00
2025-11-25 18:01:57,177 - genetic_algorithm - INFO - 第 9 代，新的最佳适应度: -3312000.00
2025-11-25 18:01:57,595 - genetic_algorithm - INFO - 第 10 代，新的最佳适应度: -3302000.00
2025-11-25 18:01:58,073 - genetic_algorithm - INFO - 第 11 代，新的最佳适应度: -3254000.00
2025-11-25 18:01:58,435 - genetic_algorithm - INFO - 第 12 代，新的最佳适应度: -3251000.00
2025-11-25 18:01:58,858 - genetic_algorithm - INFO - 第 13 代，新的最佳适应度: -3231000.00
2025-11-25 18:01:59,688 - genetic_algorithm - INFO - 第 15 代，新的最佳适应度: -3228000.00
2025-11-25 18:02:00,084 - genetic_algorithm - INFO - 第 16 代，新的最佳适应度: -3201000.00
2025-11-25 18:02:00,474 - genetic_algorithm - INFO - 第 17 代，新的最佳适应度: -3107000.00
2025-11-25 18:02:00,876 - genetic_algorithm - INFO - 第 18 代，新的最佳适应度: -3104000.00
2025-11-25 18:02:01,637 - genetic_algorithm - INFO - 第 20 代，新的最佳适应度: -3047000.00
2025-11-25 18:02:01,767 - genetic_algorithm - INFO - 第 20 代完成，当前最佳适应度: -3047000.00
2025-11-25 18:02:02,075 - genetic_algorithm - INFO - 第 21 代，新的最佳适应度: -3026000.00
2025-11-25 18:02:02,464 - genetic_algorithm - INFO - 第 22 代，新的最佳适应度: -2969000.00
2025-11-25 18:02:02,814 - genetic_algorithm - INFO - 第 23 代，新的最佳适应度: -2884000.00
2025-11-25 18:02:04,310 - genetic_algorithm - INFO - 第 27 代，新的最佳适应度: -2854000.00
2025-11-25 18:02:05,031 - genetic_algorithm - INFO - 第 29 代，新的最佳适应度: -2804000.00
2025-11-25 18:02:05,420 - genetic_algorithm - INFO - 第 30 代，新的最佳适应度: -2801000.00
2025-11-25 18:02:05,806 - genetic_algorithm - INFO - 第 31 代，新的最佳适应度: -2721000.00
2025-11-25 18:02:06,169 - genetic_algorithm - INFO - 第 32 代，新的最佳适应度: -2694000.00
2025-11-25 18:02:06,645 - genetic_algorithm - INFO - 第 33 代，新的最佳适应度: -2641000.00
2025-11-25 18:02:08,560 - genetic_algorithm - INFO - 第 37 代，新的最佳适应度: -2614000.00
2025-11-25 18:02:09,890 - genetic_algorithm - INFO - 第 40 代，新的最佳适应度: -2561000.00
2025-11-25 18:02:10,011 - genetic_algorithm - INFO - 第 40 代完成，当前最佳适应度: -2561000.00
2025-11-25 18:02:11,110 - genetic_algorithm - INFO - 第 43 代，新的最佳适应度: -2481000.00
2025-11-25 18:02:12,186 - genetic_algorithm - INFO - 第 46 代，新的最佳适应度: -2475000.00
2025-11-25 18:02:13,487 - genetic_algorithm - INFO - 第 49 代，新的最佳适应度: -2326000.00
2025-11-25 18:02:16,371 - genetic_algorithm - INFO - 第 56 代，新的最佳适应度: -2323000.00
2025-11-25 18:02:17,171 - genetic_algorithm - INFO - 第 58 代，新的最佳适应度: -2246000.00
2025-11-25 18:02:18,135 - genetic_algorithm - INFO - 第 60 代完成，当前最佳适应度: -2246000.00
2025-11-25 18:02:18,400 - genetic_algorithm - INFO - 第 61 代，新的最佳适应度: -2166000.00
2025-11-25 18:02:21,333 - genetic_algorithm - INFO - 第 69 代，新的最佳适应度: -2086000.00
2025-11-25 18:02:21,674 - genetic_algorithm - INFO - 第 70 代，新的最佳适应度: -2006000.00
2025-11-25 18:02:23,205 - genetic_algorithm - INFO - 第 74 代，新的最佳适应度: -1926000.00
2025-11-25 18:02:24,095 - genetic_algorithm - INFO - 第 76 代，新的最佳适应度: -1846000.00
2025-11-25 18:02:25,717 - genetic_algorithm - INFO - 第 80 代完成，当前最佳适应度: -1846000.00
2025-11-25 18:02:25,995 - genetic_algorithm - INFO - 第 81 代，新的最佳适应度: -1843000.00
2025-11-25 18:02:30,166 - genetic_algorithm - INFO - 第 93 代，新的最佳适应度: -1840000.00
2025-11-25 18:02:31,084 - genetic_algorithm - INFO - 第 96 代，新的最佳适应度: -1835000.00
2025-11-25 18:02:32,394 - genetic_algorithm - INFO - 第 100 代完成，当前最佳适应度: -1835000.00
2025-11-25 18:02:36,532 - genetic_algorithm - INFO - 第 113 代，新的最佳适应度: -1832000.00
2025-11-25 18:02:38,250 - genetic_algorithm - INFO - 第 118 代，新的最佳适应度: -1829000.00
2025-11-25 18:02:39,010 - genetic_algorithm - INFO - 第 120 代完成，当前最佳适应度: -1829000.00
2025-11-25 18:02:43,538 - genetic_algorithm - INFO - 第 133 代，新的最佳适应度: -1823000.00
2025-11-25 18:02:46,219 - genetic_algorithm - INFO - 第 140 代完成，当前最佳适应度: -1823000.00
2025-11-25 18:02:54,260 - genetic_algorithm - INFO - 第 160 代完成，当前最佳适应度: -1823000.00
2025-11-25 18:02:59,310 - genetic_algorithm - INFO - 第 172 代，新的最佳适应度: -1815000.00
2025-11-25 18:03:02,792 - genetic_algorithm - INFO - 第 180 代完成，当前最佳适应度: -1815000.00
2025-11-25 18:03:10,197 - genetic_algorithm - INFO - 第 200 代完成，当前最佳适应度: -1815000.00
2025-11-25 18:03:17,999 - genetic_algorithm - INFO - 第 220 代完成，当前最佳适应度: -1815000.00
2025-11-25 18:03:18,839 - genetic_algorithm - INFO - 算法停滞 50 代，提前结束
2025-11-25 18:03:19,074 - genetic_algorithm - INFO - 进化完成，最终最佳适应度: -1815000.00
2025-11-25 18:03:19,074 - genetic_algorithm - INFO - 开始后处理班级冲突...
2025-11-25 18:03:19,075 - genetic_algorithm - INFO - 检测到 6 处班级冲突，开始修复...
2025-11-25 18:03:19,077 - genetic_algorithm - INFO - 后处理完成，修复了 1 处班级冲突
2025-11-25 18:03:19,077 - __main__ - INFO - 保存排课结果
2025-11-25 18:03:19,077 - db_connector - INFO - 开始保存排课结果，版本ID: 1
2025-11-25 18:03:19,095 - db_connector - INFO - 批量插入 153 条记录成功
2025-11-25 18:03:19,096 - db_connector - INFO - 成功保存 153 条排课结果
2025-11-25 18:03:19,096 - __main__ - INFO - 生成排课统计报告
2025-11-25 18:03:19,096 - __main__ - INFO - 排课覆盖率: 100.0% (153/153)
2025-11-25 18:03:19,098 - __main__ - WARNING - ⚠ 发现 4 处冲突:
2025-11-25 18:03:19,098 - __main__ - WARNING -   - 班级冲突: 4 处
2025-11-25 18:03:19,099 - __main__ - WARNING -     [1] 班级: 智能制造2025-05班, 时间: 周三 第9节
2025-11-25 18:03:19,099 - __main__ - WARNING -         课程1: 工程创新实训 | 教师: 贾亚坤 | 教室: X1212 | 时间: 6-9节
2025-11-25 18:03:19,099 - __main__ - WARNING -         课程2: 高等数学I | 教师: 朱星亮 | 教室: X2231 | 时间: 9-10节
2025-11-25 18:03:19,100 - __main__ - WARNING -     [2] 班级: 智能制造2025-05班, 时间: 周一 第6节
2025-11-25 18:03:19,100 - __main__ - WARNING -         课程1: 制图与CAD基础 | 教师: 兰纯纯 | 教室: X4358 | 时间: 6-8节
2025-11-25 18:03:19,101 - __main__ - WARNING -         课程2: 线性代数B | 教师: 蒲伟 | 教室: X1311 | 时间: 6-8节
2025-11-25 18:03:19,101 - __main__ - WARNING -     [3] 班级: 智能制造2025-05班, 时间: 周一 第7节
2025-11-25 18:03:19,101 - __main__ - WARNING -         课程1: 制图与CAD基础 | 教师: 兰纯纯 | 教室: X4358 | 时间: 6-8节
2025-11-25 18:03:19,102 - __main__ - WARNING -         课程2: 线性代数B | 教师: 蒲伟 | 教室: X1311 | 时间: 6-8节
2025-11-25 18:03:19,102 - __main__ - WARNING -     [4] 班级: 智能制造2025-05班, 时间: 周一 第8节
2025-11-25 18:03:19,103 - __main__ - WARNING -         课程1: 制图与CAD基础 | 教师: 兰纯纯 | 教室: X4358 | 时间: 6-8节
2025-11-25 18:03:19,103 - __main__ - WARNING -         课程2: 线性代数B | 教师: 蒲伟 | 教室: X1311 | 时间: 6-8节
2025-11-25 18:03:19,104 - __main__ - INFO - 教室平均利用率: 74.5%
2025-11-25 18:03:19,104 - __main__ - WARNING - 发现 17 间教室利用率过低(<50%)
2025-11-25 18:03:19,105 - __main__ - INFO - 
【个性化要求满足情况分析】
2025-11-25 18:03:19,105 - __main__ - INFO - 总共有 10 条个性化要求
2025-11-25 18:03:19,106 - __main__ - WARNING - 
⚠ 发现 7 条偏好时间未被满足:
2025-11-25 18:03:19,106 - __main__ - WARNING -   [1] 教师: 李君, 偏好时间: 周三 6-7节, 惩罚分数: 200
2025-11-25 18:03:19,106 - __main__ - WARNING -   [2] 教师: 熊学, 偏好时间: 周一 3-5节, 惩罚分数: 200
2025-11-25 18:03:19,107 - __main__ - WARNING -   [3] 教师: 熊学, 偏好时间: 周二 3-5节, 惩罚分数: 200
2025-11-25 18:03:19,107 - __main__ - WARNING -   [4] 教师: 熊学, 偏好时间: 周四 3-5节, 惩罚分数: 200
2025-11-25 18:03:19,107 - __main__ - WARNING -   [5] 教师: 杨世蓉, 偏好时间: 周一 1-2节, 惩罚分数: 100
2025-11-25 18:03:19,108 - __main__ - WARNING -   [6] 教师: 杨世蓉, 偏好时间: 周二 1-2节, 惩罚分数: 100
2025-11-25 18:03:19,108 - __main__ - WARNING -   [7] 教师: 杨世蓉, 偏好时间: 周一 1-2节, 惩罚分数: 100
2025-11-25 18:03:19,109 - __main__ - INFO - ✓ 所有避免时间都已遵守
2025-11-25 18:03:19,109 - __main__ - INFO - 
个性化要求总体满足率: 30.0% (3/10)
2025-11-25 18:03:19,110 - __main__ - INFO - 排课完成，总耗时: 165.01 秒
2025-11-25 18:03:19,110 - __main__ - INFO - 排课任务完成成功！
2025-11-25 18:03:19,111 - db_connector - INFO - 数据库连接已关闭
